<?xml version="1.0" encoding="UTF-8"?>
<!-- Generated by org.testng.reporters.JUnitReportReporter -->
<testsuite hostname="MSI" failures="0" tests="6" name="testCases.TC_003_LoginDTT" time="65.456" errors="0" timestamp="2024-07-18T11:26:59 PDT" skipped="0">
  <testcase classname="testCases.TC_003_LoginDTT" name="verify_loginDTT" time="17.047"/>
  <testcase classname="testCases.TC_003_LoginDTT" name="verify_loginDTT" time="7.777"/>
  <testcase classname="testCases.TC_003_LoginDTT" name="verify_loginDTT" time="7.997"/>
  <testcase classname="testCases.TC_003_LoginDTT" name="verify_loginDTT" time="17.361"/>
  <testcase classname="testCases.TC_003_LoginDTT" name="verify_loginDTT" time="7.805"/>
  <testcase classname="testCases.TC_003_LoginDTT" name="verify_loginDTT" time="7.469"/>
</testsuite> <!-- testCases.TC_003_LoginDTT -->
