<?xml version="1.0" encoding="UTF-8"?>
<!-- Generated by org.testng.reporters.JUnitReportReporter -->
<testsuite hostname="MSI" failures="0" tests="1" name="testCases.TC_001_AccountRegistrationTest" time="2.663" errors="0" timestamp="2024-07-18T14:35:03 PDT" skipped="0">
  <testcase classname="testCases.TC_001_AccountRegistrationTest" name="verify_account_registration" time="2.663"/>
</testsuite> <!-- testCases.TC_001_AccountRegistrationTest -->
