<?xml version="1.0" encoding="UTF-8"?>
<!-- Generated by org.testng.reporters.JUnitReportReporter -->
<testsuite hostname="MSI" failures="0" tests="2" name="testCases.TC_002_LoginTest" time="5.184" errors="0" timestamp="2024-07-19T19:54:32 PDT" skipped="0">
  <testcase classname="testCases.TC_002_LoginTest" name="verify_login" time="1.883"/>
  <testcase classname="testCases.TC_002_LoginTest" name="verify_login" time="3.301"/>
</testsuite> <!-- testCases.TC_002_LoginTest -->
