<?xml version="1.0" encoding="UTF-8"?>
<!-- Generated by org.testng.reporters.JUnitReportReporter -->
<testsuite hostname="MSI" failures="0" tests="1" name="testCases.TC_001_AccountRegistrationTest" time="11.871" errors="0" timestamp="2024-07-17T18:48:54 PDT" skipped="0">
  <testcase classname="testCases.TC_001_AccountRegistrationTest" name="verify_account_registration" time="11.871"/>
</testsuite> <!-- testCases.TC_001_AccountRegistrationTest -->
