<?xml version="1.0" encoding="UTF-8"?>
<!-- Generated by org.testng.reporters.JUnitReportReporter -->
<testsuite hostname="MSI" failures="0" tests="2" name="testCases.TC_001_AccountRegistrationTest" time="6.171" errors="0" timestamp="2024-07-19T19:54:32 PDT" skipped="0">
  <testcase classname="testCases.TC_001_AccountRegistrationTest" name="verify_account_registration" time="2.512"/>
  <testcase classname="testCases.TC_001_AccountRegistrationTest" name="verify_account_registration" time="3.659"/>
</testsuite> <!-- testCases.TC_001_AccountRegistrationTest -->
