<?xml version="1.0" encoding="UTF-8"?>
<!-- Generated by org.testng.reporters.JUnitReportReporter -->
<testsuite hostname="MSI" failures="0" tests="6" name="testCases.TC_003_LoginDTT" time="60.796" errors="0" timestamp="2024-07-22T18:56:18 PDT" skipped="0">
  <testcase classname="testCases.TC_003_LoginDTT" name="verify_loginDTT" time="7.028"/>
  <testcase classname="testCases.TC_003_LoginDTT" name="verify_loginDTT" time="16.379"/>
  <testcase classname="testCases.TC_003_LoginDTT" name="verify_loginDTT" time="16.289"/>
  <testcase classname="testCases.TC_003_LoginDTT" name="verify_loginDTT" time="7.179"/>
  <testcase classname="testCases.TC_003_LoginDTT" name="verify_loginDTT" time="6.775"/>
  <testcase classname="testCases.TC_003_LoginDTT" name="verify_loginDTT" time="7.146"/>
</testsuite> <!-- testCases.TC_003_LoginDTT -->
